{"D:\\Training\\hot-training\\envato-market\\src\\components\\index.ts": {"path":"D:\\Training\\hot-training\\envato-market\\src\\components\\index.ts","statementMap":{"0":{"start":{"line":1,"column":0},"end":{"line":1,"column":9}},"1":{"start":{"line":1,"column":9},"end":{"line":1,"column":30}},"2":{"start":{"line":2,"column":0},"end":{"line":2,"column":9}},"3":{"start":{"line":2,"column":9},"end":{"line":2,"column":24}},"4":{"start":{"line":3,"column":0},"end":{"line":3,"column":9}},"5":{"start":{"line":3,"column":9},"end":{"line":3,"column":27}},"6":{"start":{"line":4,"column":0},"end":{"line":4,"column":9}},"7":{"start":{"line":4,"column":9},"end":{"line":4,"column":26}},"8":{"start":{"line":5,"column":0},"end":{"line":5,"column":9}},"9":{"start":{"line":5,"column":9},"end":{"line":5,"column":28}}},"fnMap":{"0":{"name":"(anonymous_0)","decl":{"start":{"line":1,"column":9},"end":{"line":1,"column":16}},"loc":{"start":{"line":1,"column":9},"end":{"line":1,"column":30}}},"1":{"name":"(anonymous_1)","decl":{"start":{"line":2,"column":9},"end":{"line":2,"column":16}},"loc":{"start":{"line":2,"column":9},"end":{"line":2,"column":24}}},"2":{"name":"(anonymous_2)","decl":{"start":{"line":3,"column":9},"end":{"line":3,"column":16}},"loc":{"start":{"line":3,"column":9},"end":{"line":3,"column":27}}},"3":{"name":"(anonymous_3)","decl":{"start":{"line":4,"column":9},"end":{"line":4,"column":16}},"loc":{"start":{"line":4,"column":9},"end":{"line":4,"column":26}}},"4":{"name":"(anonymous_4)","decl":{"start":{"line":5,"column":9},"end":{"line":5,"column":16}},"loc":{"start":{"line":5,"column":9},"end":{"line":5,"column":28}}}},"branchMap":{},"s":{"0":3,"1":3,"2":3,"3":4,"4":3,"5":4,"6":3,"7":3,"8":3,"9":5},"f":{"0":0,"1":1,"2":1,"3":0,"4":2},"b":{}}
,"D:\\Training\\hot-training\\envato-market\\src\\components\\common\\Benefit\\index.tsx": {"path":"D:\\Training\\hot-training\\envato-market\\src\\components\\common\\Benefit\\index.tsx","statementMap":{"0":{"start":{"line":1,"column":0},"end":{"line":1,"column":78}},"1":{"start":{"line":4,"column":0},"end":{"line":4,"column":43}},"2":{"start":{"line":11,"column":16},"end":{"line":68,"column":null}},"3":{"start":{"line":12,"column":2},"end":{"line":67,"column":null}},"4":{"start":{"line":71,"column":0},"end":{"line":71,"column":23}}},"fnMap":{"0":{"name":"(anonymous_0)","decl":{"start":{"line":11,"column":16},"end":{"line":11,"column":17}},"loc":{"start":{"line":12,"column":2},"end":{"line":67,"column":null}}}},"branchMap":{},"s":{"0":3,"1":3,"2":3,"3":1,"4":3},"f":{"0":1},"b":{}}
,"D:\\Training\\hot-training\\envato-market\\src\\components\\common\\Button\\index.tsx": {"path":"D:\\Training\\hot-training\\envato-market\\src\\components\\common\\Button\\index.tsx","statementMap":{"0":{"start":{"line":1,"column":0},"end":{"line":1,"column":55}},"1":{"start":{"line":2,"column":0},"end":{"line":2,"column":54}},"2":{"start":{"line":11,"column":24},"end":{"line":12,"column":null}},"3":{"start":{"line":12,"column":2},"end":{"line":12,"column":39}},"4":{"start":{"line":15,"column":21},"end":{"line":15,"column":42}},"5":{"start":{"line":16,"column":0},"end":{"line":16,"column":28}}},"fnMap":{"0":{"name":"(anonymous_0)","decl":{"start":{"line":11,"column":24},"end":{"line":11,"column":25}},"loc":{"start":{"line":12,"column":2},"end":{"line":12,"column":39}}}},"branchMap":{},"s":{"0":3,"1":3,"2":3,"3":0,"4":3,"5":3},"f":{"0":0},"b":{}}
,"D:\\Training\\hot-training\\envato-market\\src\\components\\common\\Checkbox\\index.tsx": {"path":"D:\\Training\\hot-training\\envato-market\\src\\components\\common\\Checkbox\\index.tsx","statementMap":{"0":{"start":{"line":1,"column":0},"end":{"line":1,"column":59}},"1":{"start":{"line":2,"column":0},"end":{"line":2,"column":53}},"2":{"start":{"line":9,"column":26},"end":{"line":16,"column":1}},"3":{"start":{"line":10,"column":28},"end":{"line":10,"column":69}},"4":{"start":{"line":10,"column":46},"end":{"line":10,"column":56}},"5":{"start":{"line":11,"column":2},"end":{"line":15,"column":4}},"6":{"start":{"line":18,"column":23},"end":{"line":18,"column":46}},"7":{"start":{"line":19,"column":0},"end":{"line":19,"column":30}}},"fnMap":{"0":{"name":"(anonymous_0)","decl":{"start":{"line":9,"column":26},"end":{"line":9,"column":27}},"loc":{"start":{"line":9,"column":78},"end":{"line":16,"column":1}}},"1":{"name":"(anonymous_1)","decl":{"start":{"line":10,"column":40},"end":{"line":10,"column":43}},"loc":{"start":{"line":10,"column":46},"end":{"line":10,"column":56}}}},"branchMap":{},"s":{"0":3,"1":3,"2":3,"3":2,"4":1,"5":2,"6":3,"7":3},"f":{"0":2,"1":1},"b":{}}
,"D:\\Training\\hot-training\\envato-market\\src\\components\\common\\InputField\\index.tsx": {"path":"D:\\Training\\hot-training\\envato-market\\src\\components\\common\\InputField\\index.tsx","statementMap":{"0":{"start":{"line":1,"column":0},"end":{"line":1,"column":null}},"1":{"start":{"line":9,"column":0},"end":{"line":9,"column":null}},"2":{"start":{"line":30,"column":23},"end":{"line":92,"column":1}},"3":{"start":{"line":47,"column":16},"end":{"line":49,"column":4}},"4":{"start":{"line":51,"column":28},"end":{"line":53,"column":null}},"5":{"start":{"line":52,"column":48},"end":{"line":52,"column":72}},"6":{"start":{"line":56,"column":2},"end":{"line":91,"column":4}},"7":{"start":{"line":94,"column":19},"end":{"line":94,"column":51}},"8":{"start":{"line":96,"column":0},"end":{"line":96,"column":26}}},"fnMap":{"0":{"name":"(anonymous_0)","decl":{"start":{"line":30,"column":23},"end":{"line":30,"column":null}},"loc":{"start":{"line":42,"column":17},"end":{"line":92,"column":1}}},"1":{"name":"(anonymous_1)","decl":{"start":{"line":52,"column":4},"end":{"line":52,"column":5}},"loc":{"start":{"line":52,"column":48},"end":{"line":52,"column":72}}}},"branchMap":{"0":{"loc":{"start":{"line":32,"column":4},"end":{"line":32,"column":22}},"type":"default-arg","locations":[{"start":{"line":32,"column":17},"end":{"line":32,"column":22}}]},"1":{"loc":{"start":{"line":33,"column":4},"end":{"line":33,"column":19}},"type":"default-arg","locations":[{"start":{"line":33,"column":14},"end":{"line":33,"column":19}}]},"2":{"loc":{"start":{"line":34,"column":4},"end":{"line":34,"column":35}},"type":"default-arg","locations":[{"start":{"line":34,"column":20},"end":{"line":34,"column":35}}]},"3":{"loc":{"start":{"line":47,"column":16},"end":{"line":49,"column":4}},"type":"binary-expr","locations":[{"start":{"line":47,"column":16},"end":{"line":47,"column":23}},{"start":{"line":47,"column":27},"end":{"line":49,"column":4}}]},"4":{"loc":{"start":{"line":59,"column":7},"end":{"line":59,"column":60}},"type":"binary-expr","locations":[{"start":{"line":59,"column":7},"end":{"line":59,"column":12}},{"start":{"line":59,"column":16},"end":{"line":59,"column":60}}]},"5":{"loc":{"start":{"line":61,"column":9},"end":{"line":62,"column":null}},"type":"binary-expr","locations":[{"start":{"line":61,"column":9},"end":{"line":61,"column":17}},{"start":{"line":62,"column":10},"end":{"line":62,"column":78}}]},"6":{"loc":{"start":{"line":71,"column":9},"end":{"line":84,"column":null}},"type":"binary-expr","locations":[{"start":{"line":71,"column":9},"end":{"line":71,"column":18}},{"start":{"line":72,"column":10},"end":{"line":83,"column":null}}]},"7":{"loc":{"start":{"line":87,"column":31},"end":{"line":87,"column":62}},"type":"cond-expr","locations":[{"start":{"line":87,"column":41},"end":{"line":87,"column":46}},{"start":{"line":87,"column":49},"end":{"line":87,"column":62}}]}},"s":{"0":3,"1":3,"2":3,"3":0,"4":0,"5":0,"6":0,"7":3,"8":3},"f":{"0":0,"1":0},"b":{"0":[0],"1":[0],"2":[0],"3":[0,0],"4":[0,0],"5":[0,0],"6":[0,0],"7":[0,0]}}
,"D:\\Training\\hot-training\\envato-market\\src\\components\\common\\Logo\\index.tsx": {"path":"D:\\Training\\hot-training\\envato-market\\src\\components\\common\\Logo\\index.tsx","statementMap":{"0":{"start":{"line":1,"column":0},"end":{"line":1,"column":41}},"1":{"start":{"line":2,"column":0},"end":{"line":2,"column":40}},"2":{"start":{"line":5,"column":0},"end":{"line":5,"column":42}},"3":{"start":{"line":7,"column":13},"end":{"line":10,"column":null}},"4":{"start":{"line":8,"column":2},"end":{"line":9,"column":null}},"5":{"start":{"line":13,"column":0},"end":{"line":13,"column":20}}},"fnMap":{"0":{"name":"(anonymous_0)","decl":{"start":{"line":7,"column":13},"end":{"line":7,"column":16}},"loc":{"start":{"line":8,"column":2},"end":{"line":9,"column":null}}}},"branchMap":{},"s":{"0":3,"1":3,"2":3,"3":3,"4":1,"5":3},"f":{"0":1},"b":{}}
,"D:\\Training\\hot-training\\envato-market\\src\\constants\\form.ts": {"path":"D:\\Training\\hot-training\\envato-market\\src\\constants\\form.ts","statementMap":{"0":{"start":{"line":1,"column":0},"end":{"line":1,"column":44}},"1":{"start":{"line":2,"column":0},"end":{"line":2,"column":32}},"2":{"start":{"line":4,"column":13},"end":{"line":31,"column":2}}},"fnMap":{},"branchMap":{},"s":{"0":3,"1":3,"2":3},"f":{},"b":{}}
,"D:\\Training\\hot-training\\envato-market\\src\\constants\\images.ts": {"path":"D:\\Training\\hot-training\\envato-market\\src\\constants\\images.ts","statementMap":{"0":{"start":{"line":1,"column":13},"end":{"line":26,"column":2}}},"fnMap":{},"branchMap":{},"s":{"0":3},"f":{},"b":{}}
,"D:\\Training\\hot-training\\envato-market\\src\\constants\\index.ts": {"path":"D:\\Training\\hot-training\\envato-market\\src\\constants\\index.ts","statementMap":{"0":{"start":{"line":1,"column":0},"end":{"line":1,"column":26}},"1":{"start":{"line":2,"column":0},"end":{"line":2,"column":23}},"2":{"start":{"line":3,"column":0},"end":{"line":3,"column":25}},"3":{"start":{"line":4,"column":0},"end":{"line":4,"column":23}},"4":{"start":{"line":5,"column":0},"end":{"line":5,"column":27}},"5":{"start":{"line":6,"column":0},"end":{"line":6,"column":24}}},"fnMap":{},"branchMap":{},"s":{"0":3,"1":3,"2":3,"3":3,"4":3,"5":3},"f":{},"b":{}}
,"D:\\Training\\hot-training\\envato-market\\src\\constants\\messages.ts": {"path":"D:\\Training\\hot-training\\envato-market\\src\\constants\\messages.ts","statementMap":{"0":{"start":{"line":1,"column":13},"end":{"line":5,"column":2}},"1":{"start":{"line":2,"column":41},"end":{"line":2,"column":67}},"2":{"start":{"line":4,"column":4},"end":{"line":4,"column":51}}},"fnMap":{"0":{"name":"(anonymous_0)","decl":{"start":{"line":2,"column":18},"end":{"line":2,"column":19}},"loc":{"start":{"line":2,"column":41},"end":{"line":2,"column":67}}},"1":{"name":"(anonymous_1)","decl":{"start":{"line":3,"column":17},"end":{"line":3,"column":18}},"loc":{"start":{"line":4,"column":4},"end":{"line":4,"column":51}}}},"branchMap":{},"s":{"0":3,"1":15,"2":3},"f":{"0":15,"1":3},"b":{}}
,"D:\\Training\\hot-training\\envato-market\\src\\constants\\regex.ts": {"path":"D:\\Training\\hot-training\\envato-market\\src\\constants\\regex.ts","statementMap":{"0":{"start":{"line":1,"column":13},"end":{"line":4,"column":2}}},"fnMap":{},"branchMap":{},"s":{"0":3},"f":{},"b":{}}
,"D:\\Training\\hot-training\\envato-market\\src\\constants\\routers.ts": {"path":"D:\\Training\\hot-training\\envato-market\\src\\constants\\routers.ts","statementMap":{"0":{"start":{"line":1,"column":13},"end":{"line":10,"column":2}}},"fnMap":{},"branchMap":{},"s":{"0":3},"f":{},"b":{}}
,"D:\\Training\\hot-training\\envato-market\\src\\constants\\time.ts": {"path":"D:\\Training\\hot-training\\envato-market\\src\\constants\\time.ts","statementMap":{"0":{"start":{"line":2,"column":13},"end":{"line":2,"column":44}}},"fnMap":{},"branchMap":{},"s":{"0":3},"f":{},"b":{}}
}
